<?xml version="1.0" encoding="utf-8" standalone="no"?>
<!--This file represents the results of running a test suite-->
<test-results name="D:\proyects\default\railroad_services\RouteCalculator\RouteCalculator.IntegrationTest\bin\Debug\RouteCalculator.IntegrationTest.exe" total="0" errors="0" failures="0" not-run="0" inconclusive="0" ignored="0" skipped="0" invalid="0" date="2012-07-09" time="21:49:59">
  <environment nunit-version="2.6.0.12051" clr-version="4.0.30319.269" os-version="Microsoft Windows NT 6.1.7601 Service Pack 1" platform="Win32NT" cwd="D:\proyects\default\railroad_services\RouteCalculator" machine-name="SYSTEM" user="Marcel" user-domain="System" />
  <culture-info current-culture="en-US" current-uiculture="en-US" />
  <test-suite type="Assembly" name="D:\proyects\default\railroad_services\RouteCalculator\RouteCalculator.IntegrationTest\bin\Debug\RouteCalculator.IntegrationTest.exe" executed="True" result="Inconclusive" success="False" time="0.007" asserts="0" />
</test-results>